
timing -sethld -v 10 -u 10 -endpoints 10 -nperend 1 -sp High-Performance_1.2V -hsp m   -pwrprd -html -rpt "Passthrough_impl_1.twr" "Passthrough_impl_1.udb" 
timing -sethld -v 10 -u 10 -endpoints 10 -nperend 1 -sp High-Performance_1.2V -hsp m -pwrprd -html -rpt Passthrough_impl_1.twr Passthrough_impl_1.udb -gui -msgset C:/Users/roman/Documents/GitHub/E155Project/FPGA/Radient/Passthrough/Passthrough/promote.xml
Starting design reading...
Loading device for application GENERIC from file 'itpa08.nph' in environment: C:/lscc/radiant/2025.1/ispfpga.
Package Status:                     Preliminary    Version 1.5.
Performance Hardware Data Status:   Advanced       Version 1.0.
Loading udb::Database ...
Design:  LFOgen
Family:  iCE40UP
Device:  iCE40UP5K
Package: SG48
Performance Grade:   High-Performance_1.2V



Successfully loading udb, 0.05 seconds

Initializing timer
Starting design annotation....
High-Performance_1.2V

Starting full timing analysis...
Performance Hardware Data Status:   Advanced       Version 1.0.
Connections ignored  54  counted  636  covered  0
Changing speed to m;   changing temperature to -40

STA Runtime and Peak Memory Usage :
Total CPU Time: 0 secs 
Total REAL Time: 0 secs 
Peak Memory Usage: 102 MB

 0.945685s wall, 0.843750s user + 0.109375s system = 0.953125s CPU (100.8%)

